2016/01/30 15:10:22 [error] [exception.CHttpException.403] exception 'CHttpException' with message 'Usted no se encuentra autorizado a realizar esta acción.' in /home/lenin/www/yii/framework/web/auth/CAccessControlFilter.php:182
Stack trace:
#0 /home/lenin/www/yii/framework/web/auth/CAccessControlFilter.php(145): CAccessControlFilter->accessDenied(Object(CWebUser), 'Usted no se enc...')
#1 /home/lenin/www/yii/framework/web/filters/CFilter.php(38): CAccessControlFilter->preFilter(Object(CFilterChain))
#2 /home/lenin/www/yii/framework/web/CController.php(1145): CFilter->filter(Object(CFilterChain))
#3 /home/lenin/www/yii/framework/web/filters/CInlineFilter.php(58): CController->filterAccessControl(Object(CFilterChain))
#4 /home/lenin/www/yii/framework/web/filters/CFilterChain.php(130): CInlineFilter->filter(Object(CFilterChain))
#5 /home/lenin/www/yii/framework/web/CController.php(291): CFilterChain->run()
#6 /home/lenin/www/yii/framework/web/CController.php(265): CController->runActionWithFilters(Object(CInlineAction), Array)
#7 /home/lenin/www/yii/framework/web/CWebApplication.php(282): CController->run('admin')
#8 /home/lenin/www/yii/framework/web/CWebApplication.php(141): CWebApplication->runController('usuario/admin')
#9 /home/lenin/www/yii/framework/base/CApplication.php(185): CWebApplication->processRequest()
#10 /home/lenin/www/yiitwitter/index.php(13): CApplication->run()
#11 {main}
REQUEST_URI=/yiitwitter/index.php?r=usuario/admin
HTTP_REFERER=http://localhost/yiitwitter/index.php?r=usuario/create
---
2016/01/30 15:15:17 [error] [system.db.CDbCommand] CDbCommand::execute() falló: SQLSTATE[23503]: Foreign key violation: 7 ERROR:  update o delete en «usuario» viola la llave foránea «fk_usuario» en la tabla «retweet»
DETAIL:  La llave (id_usuario)=(7) todavía es referida desde la tabla «retweet».. La sentencia SQL ejecutada fue: DELETE FROM "usuario" WHERE "usuario"."id_usuario"=7.
in /home/lenin/www/yiitwitter/protected/controllers/UsuarioController.php (113)
in /home/lenin/www/yiitwitter/index.php (13)
2016/01/30 15:15:17 [error] [exception.CDbException] exception 'CDbException' with message 'CDbCommand falló al ejecutar la sentencia SQL: SQLSTATE[23503]: Foreign key violation: 7 ERROR:  update o delete en «usuario» viola la llave foránea «fk_usuario» en la tabla «retweet»
DETAIL:  La llave (id_usuario)=(7) todavía es referida desde la tabla «retweet».. The SQL statement executed was: DELETE FROM "usuario" WHERE "usuario"."id_usuario"=7' in /home/lenin/www/yii/framework/db/CDbCommand.php:358
Stack trace:
#0 /home/lenin/www/yii/framework/db/ar/CActiveRecord.php(1807): CDbCommand->execute()
#1 /home/lenin/www/yii/framework/db/ar/CActiveRecord.php(1227): CActiveRecord->deleteByPk(7)
#2 /home/lenin/www/yiitwitter/protected/controllers/UsuarioController.php(113): CActiveRecord->delete()
#3 [internal function]: UsuarioController->actionDelete('7')
#4 /home/lenin/www/yii/framework/web/actions/CAction.php(109): ReflectionMethod->invokeArgs(Object(UsuarioController), Array)
#5 /home/lenin/www/yii/framework/web/actions/CInlineAction.php(47): CAction->runWithParamsInternal(Object(UsuarioController), Object(ReflectionMethod), Array)
#6 /home/lenin/www/yii/framework/web/CController.php(308): CInlineAction->runWithParams(Array)
#7 /home/lenin/www/yii/framework/web/filters/CFilterChain.php(133): CController->runAction(Object(CInlineAction))
#8 /home/lenin/www/yii/framework/web/CController.php(1116): CFilterChain->run()
#9 /home/lenin/www/yii/framework/web/filters/CInlineFilter.php(58): CController->filterPostOnly(Object(CFilterChain))
#10 /home/lenin/www/yii/framework/web/filters/CFilterChain.php(130): CInlineFilter->filter(Object(CFilterChain))
#11 /home/lenin/www/yii/framework/web/filters/CFilter.php(40): CFilterChain->run()
#12 /home/lenin/www/yii/framework/web/CController.php(1145): CFilter->filter(Object(CFilterChain))
#13 /home/lenin/www/yii/framework/web/filters/CInlineFilter.php(58): CController->filterAccessControl(Object(CFilterChain))
#14 /home/lenin/www/yii/framework/web/filters/CFilterChain.php(130): CInlineFilter->filter(Object(CFilterChain))
#15 /home/lenin/www/yii/framework/web/CController.php(291): CFilterChain->run()
#16 /home/lenin/www/yii/framework/web/CController.php(265): CController->runActionWithFilters(Object(CInlineAction), Array)
#17 /home/lenin/www/yii/framework/web/CWebApplication.php(282): CController->run('delete')
#18 /home/lenin/www/yii/framework/web/CWebApplication.php(141): CWebApplication->runController('usuario/delete')
#19 /home/lenin/www/yii/framework/base/CApplication.php(185): CWebApplication->processRequest()
#20 /home/lenin/www/yiitwitter/index.php(13): CApplication->run()
#21 {main}
REQUEST_URI=/yiitwitter/index.php?ajax=usuario-grid&id=7&r=usuario%2Fdelete
HTTP_REFERER=http://localhost/yiitwitter/index.php?r=usuario/admin
---
2016/01/30 15:15:35 [error] [system.db.CDbCommand] CDbCommand::execute() falló: SQLSTATE[23503]: Foreign key violation: 7 ERROR:  update o delete en «usuario» viola la llave foránea «fk_usuario» en la tabla «retweet»
DETAIL:  La llave (id_usuario)=(8) todavía es referida desde la tabla «retweet».. La sentencia SQL ejecutada fue: DELETE FROM "usuario" WHERE "usuario"."id_usuario"=8.
in /home/lenin/www/yiitwitter/protected/controllers/UsuarioController.php (113)
in /home/lenin/www/yiitwitter/index.php (13)
2016/01/30 15:15:35 [error] [exception.CDbException] exception 'CDbException' with message 'CDbCommand falló al ejecutar la sentencia SQL: SQLSTATE[23503]: Foreign key violation: 7 ERROR:  update o delete en «usuario» viola la llave foránea «fk_usuario» en la tabla «retweet»
DETAIL:  La llave (id_usuario)=(8) todavía es referida desde la tabla «retweet».. The SQL statement executed was: DELETE FROM "usuario" WHERE "usuario"."id_usuario"=8' in /home/lenin/www/yii/framework/db/CDbCommand.php:358
Stack trace:
#0 /home/lenin/www/yii/framework/db/ar/CActiveRecord.php(1807): CDbCommand->execute()
#1 /home/lenin/www/yii/framework/db/ar/CActiveRecord.php(1227): CActiveRecord->deleteByPk(8)
#2 /home/lenin/www/yiitwitter/protected/controllers/UsuarioController.php(113): CActiveRecord->delete()
#3 [internal function]: UsuarioController->actionDelete('8')
#4 /home/lenin/www/yii/framework/web/actions/CAction.php(109): ReflectionMethod->invokeArgs(Object(UsuarioController), Array)
#5 /home/lenin/www/yii/framework/web/actions/CInlineAction.php(47): CAction->runWithParamsInternal(Object(UsuarioController), Object(ReflectionMethod), Array)
#6 /home/lenin/www/yii/framework/web/CController.php(308): CInlineAction->runWithParams(Array)
#7 /home/lenin/www/yii/framework/web/filters/CFilterChain.php(133): CController->runAction(Object(CInlineAction))
#8 /home/lenin/www/yii/framework/web/CController.php(1116): CFilterChain->run()
#9 /home/lenin/www/yii/framework/web/filters/CInlineFilter.php(58): CController->filterPostOnly(Object(CFilterChain))
#10 /home/lenin/www/yii/framework/web/filters/CFilterChain.php(130): CInlineFilter->filter(Object(CFilterChain))
#11 /home/lenin/www/yii/framework/web/filters/CFilter.php(40): CFilterChain->run()
#12 /home/lenin/www/yii/framework/web/CController.php(1145): CFilter->filter(Object(CFilterChain))
#13 /home/lenin/www/yii/framework/web/filters/CInlineFilter.php(58): CController->filterAccessControl(Object(CFilterChain))
#14 /home/lenin/www/yii/framework/web/filters/CFilterChain.php(130): CInlineFilter->filter(Object(CFilterChain))
#15 /home/lenin/www/yii/framework/web/CController.php(291): CFilterChain->run()
#16 /home/lenin/www/yii/framework/web/CController.php(265): CController->runActionWithFilters(Object(CInlineAction), Array)
#17 /home/lenin/www/yii/framework/web/CWebApplication.php(282): CController->run('delete')
#18 /home/lenin/www/yii/framework/web/CWebApplication.php(141): CWebApplication->runController('usuario/delete')
#19 /home/lenin/www/yii/framework/base/CApplication.php(185): CWebApplication->processRequest()
#20 /home/lenin/www/yiitwitter/index.php(13): CApplication->run()
#21 {main}
REQUEST_URI=/yiitwitter/index.php?ajax=usuario-grid&id=8&r=usuario%2Fdelete
HTTP_REFERER=http://localhost/yiitwitter/index.php?r=usuario/admin
---
2016/01/30 15:44:12 [error] [exception.CException] exception 'CException' with message 'El alias "ext.yiibooster.components.Booster" es inválido. Asegúrese de que apunta a un archivo PHP existente y que el archivo tiene permisos de lectura.' in /home/lenin/www/yii/framework/YiiBase.php:323
Stack trace:
#0 /home/lenin/www/yii/framework/YiiBase.php(196): YiiBase::import('ext.yiibooster....', true)
#1 /home/lenin/www/yii/framework/base/CModule.php(393): YiiBase::createComponent(Array)
#2 /home/lenin/www/yii/framework/base/CModule.php(530): CModule->getComponent('yiibooster')
#3 /home/lenin/www/yii/framework/base/CApplication.php(168): CModule->preloadComponents()
#4 /home/lenin/www/yii/framework/YiiBase.php(125): CApplication->__construct('/home/lenin/www...')
#5 /home/lenin/www/yii/framework/YiiBase.php(98): YiiBase::createApplication('CWebApplication', '/home/lenin/www...')
#6 /home/lenin/www/yiitwitter/index.php(13): YiiBase::createWebApplication('/home/lenin/www...')
#7 {main}
REQUEST_URI=/yiitwitter/index.php?r=gii/crud/index
---
2016/01/31 19:25:13 [error] [exception.CDbException] exception 'CDbException' with message 'CDbConnection failed to open the DB connection: SQLSTATE[08006] [7] timeout expired' in /home/lenin/www/yii/framework/db/CDbConnection.php:399
Stack trace:
#0 /home/lenin/www/yii/framework/db/CDbConnection.php(347): CDbConnection->open()
#1 /home/lenin/www/yii/framework/db/CDbConnection.php(325): CDbConnection->setActive(true)
#2 /home/lenin/www/yii/framework/base/CModule.php(394): CDbConnection->init()
#3 /home/lenin/www/yii/framework/base/CApplication.php(459): CModule->getComponent('db')
#4 /home/lenin/www/yii/framework/db/ar/CActiveRecord.php(637): CApplication->getDb()
#5 /home/lenin/www/yii/framework/db/ar/CActiveRecord.php(2386): CActiveRecord->getDbConnection()
#6 /home/lenin/www/yii/framework/db/ar/CActiveRecord.php(411): CActiveRecordMetaData->__construct(Object(Usuario))
#7 /home/lenin/www/yii/framework/db/ar/CActiveRecord.php(79): CActiveRecord->getMetaData()
#8 /home/lenin/www/yiitwitter/protected/controllers/UsuarioController.php(64): CActiveRecord->__construct()
#9 /home/lenin/www/yii/framework/web/actions/CInlineAction.php(49): UsuarioController->actionCreate()
#10 /home/lenin/www/yii/framework/web/CController.php(308): CInlineAction->runWithParams(Array)
#11 /home/lenin/www/yii/framework/web/filters/CFilterChain.php(133): CController->runAction(Object(CInlineAction))
#12 /home/lenin/www/yii/framework/web/filters/CFilter.php(40): CFilterChain->run()
#13 /home/lenin/www/yii/framework/web/CController.php(1145): CFilter->filter(Object(CFilterChain))
#14 /home/lenin/www/yii/framework/web/filters/CInlineFilter.php(58): CController->filterAccessControl(Object(CFilterChain))
#15 /home/lenin/www/yii/framework/web/filters/CFilterChain.php(130): CInlineFilter->filter(Object(CFilterChain))
#16 /home/lenin/www/yii/framework/web/CController.php(291): CFilterChain->run()
#17 /home/lenin/www/yii/framework/web/CController.php(265): CController->runActionWithFilters(Object(CInlineAction), Array)
#18 /home/lenin/www/yii/framework/web/CWebApplication.php(282): CController->run('create')
#19 /home/lenin/www/yii/framework/web/CWebApplication.php(141): CWebApplication->runController('usuario/create')
#20 /home/lenin/www/yii/framework/base/CApplication.php(185): CWebApplication->processRequest()
#21 /home/lenin/www/yiitwitter/index.php(13): CApplication->run()
#22 {main}
REQUEST_URI=/yiitwitter/index.php?r=usuario/create
---
